2011-12-05T02:10:48+00:00 app[web.1]: 
2011-12-05T02:10:48+00:00 app[web.1]: cache: [GET /assets/] miss
2011-12-05T02:10:48+00:00 heroku[nginx]: 24.147.190.122 - - [04/Dec/2011:18:10:48 -0800] "GET /assets/ HTTP/1.1" 404 728 "http://stormy-window-6506.heroku.com/admins/1" "Mozilla/5.0 (X11; Linux i686; rv:7.0.1) Gecko/20100101 Firefox/7.0.1" stormy-window-6506.heroku.com
2011-12-05T02:10:50+00:00 heroku[nginx]: 24.147.190.122 - - [04/Dec/2011:18:10:50 -0800] "GET / HTTP/1.1" 304 0 "http://stormy-window-6506.heroku.com/admins/1" "Mozilla/5.0 (X11; Linux i686; rv:7.0.1) Gecko/20100101 Firefox/7.0.1" stormy-window-6506.heroku.com
2011-12-05T02:10:50+00:00 app[web.1]: 
2011-12-05T02:10:50+00:00 heroku[nginx]: 24.147.190.122 - - [04/Dec/2011:18:10:50 -0800] "GET /assets/defaults.js HTTP/1.1" 404 728 "http://stormy-window-6506.heroku.com/" "Mozilla/5.0 (X11; Linux i686; rv:7.0.1) Gecko/20100101 Firefox/7.0.1" stormy-window-6506.heroku.com
2011-12-05T02:10:50+00:00 app[web.1]: 
2011-12-05T02:10:52+00:00 app[web.1]:   Processing by AdminsController#show as HTML
2011-12-05T02:10:52+00:00 app[web.1]: cache: [GET /admins/1] miss
2011-12-05T02:10:52+00:00 heroku[nginx]: 24.147.190.122 - - [04/Dec/2011:18:10:52 -0800] "GET /assets/defaults.js HTTP/1.1" 404 728 "http://stormy-window-6506.heroku.com/admins/1" "Mozilla/5.0 (X11; Linux i686; rv:7.0.1) Gecko/20100101 Firefox/7.0.1" stormy-window-6506.heroku.com
2011-12-05T02:10:52+00:00 app[web.1]: 
2011-12-05T02:10:52+00:00 app[web.1]: 
2011-12-05T02:10:52+00:00 app[web.1]: Started GET "/assets/defaults.js" for 24.147.190.122 at 2011-12-04 18:10:52 -0800
2011-12-05T02:10:52+00:00 app[web.1]: ActionController::RoutingError (No route matches [GET] "/assets/defaults.js"):
2011-12-05T02:10:52+00:00 app[web.1]: 
2011-12-05T02:10:52+00:00 app[web.1]: 
2011-12-05T02:10:52+00:00 heroku[nginx]: 24.147.190.122 - - [04/Dec/2011:18:10:52 -0800] "GET /assets/ HTTP/1.1" 404 728 "http://stormy-window-6506.heroku.com/admins/1" "Mozilla/5.0 (X11; Linux i686; rv:7.0.1) Gecko/20100101 Firefox/7.0.1" stormy-window-6506.heroku.com
2011-12-05T02:10:52+00:00 app[web.1]: 
2011-12-05T02:10:52+00:00 app[web.1]: 
2011-12-05T02:10:52+00:00 app[web.1]: 
2011-12-05T02:10:52+00:00 app[web.1]: ActionController::RoutingError (No route matches [GET] "/assets"):
2011-12-05T02:10:55+00:00 app[web.1]: 
2011-12-05T02:10:55+00:00 app[web.1]: 
2011-12-05T02:10:55+00:00 app[web.1]: Started GET "/" for 24.147.190.122 at 2011-12-04 18:10:55 -0800
2011-12-05T02:10:55+00:00 app[web.1]:   Processing by PagesController#home as HTML
2011-12-05T02:10:55+00:00 app[web.1]: Read fragment views/challenges_cache (0.1ms)
2011-12-05T02:10:55+00:00 app[web.1]: Rendered challenges/_challenge.html.erb (0.3ms)
2011-12-05T02:10:55+00:00 app[web.1]: Rendered shared/_admin_info.html.erb (8.2ms)
2011-12-05T02:10:55+00:00 app[web.1]: Rendered pages/home.html.erb within layouts/application (10.0ms)
2011-12-05T02:10:55+00:00 app[web.1]: Rendered layouts/_stylesheets.html.erb (1.7ms)
2011-12-05T02:10:55+00:00 app[web.1]: Rendered layouts/_header.html.erb (1.9ms)
2011-12-05T02:10:55+00:00 app[web.1]: Rendered layouts/_footer.html.erb (0.3ms)
2011-12-05T02:10:55+00:00 app[web.1]: Completed 200 OK in 16ms (Views: 9.6ms | ActiveRecord: 6.6ms)
2011-12-05T02:10:55+00:00 app[web.1]: cache: [GET /] miss
2011-12-05T02:10:55+00:00 heroku[nginx]: 24.147.190.122 - - [04/Dec/2011:18:10:55 -0800] "GET / HTTP/1.1" 200 1454 "http://stormy-window-6506.heroku.com/admins/1" "Mozilla/5.0 (X11; Linux i686; rv:7.0.1) Gecko/20100101 Firefox/7.0.1" stormy-window-6506.heroku.com
2011-12-05T02:10:55+00:00 app[web.1]: 
2011-12-05T02:10:55+00:00 app[web.1]: 
2011-12-05T02:10:55+00:00 app[web.1]: Started GET "/assets/defaults.js" for 24.147.190.122 at 2011-12-04 18:10:55 -0800
2011-12-05T02:10:55+00:00 app[web.1]: 
2011-12-05T02:10:55+00:00 app[web.1]: ActionController::RoutingError (No route matches [GET] "/assets/defaults.js"):
2011-12-05T02:10:55+00:00 app[web.1]:   
2011-12-05T02:10:55+00:00 app[web.1]: 
2011-12-05T02:10:55+00:00 app[web.1]: 
2011-12-05T02:10:55+00:00 app[web.1]: cache: [GET /assets/defaults.js] miss
2011-12-05T02:10:58+00:00 app[web.1]: 
2011-12-05T02:10:58+00:00 app[web.1]: 
2011-12-05T02:10:58+00:00 app[web.1]: Started GET "/admins/1" for 24.147.190.122 at 2011-12-04 18:10:58 -0800
2011-12-05T02:10:58+00:00 app[web.1]:   Processing by AdminsController#show as HTML
2011-12-05T02:10:58+00:00 app[web.1]:   Parameters: {"id"=>"1"}
2011-12-05T02:10:58+00:00 app[web.1]: Rendered admins/show.html.erb within layouts/application (2.2ms)
2011-12-05T02:10:58+00:00 app[web.1]: Rendered layouts/_stylesheets.html.erb (1.6ms)
2011-12-05T02:10:58+00:00 heroku[nginx]: 24.147.190.122 - - [04/Dec/2011:18:10:58 -0800] "GET /admins/1 HTTP/1.1" 304 0 "http://stormy-window-6506.heroku.com/" "Mozilla/5.0 (X11; Linux i686; rv:7.0.1) Gecko/20100101 Firefox/7.0.1" stormy-window-6506.heroku.com
2011-12-05T02:10:58+00:00 app[web.1]: Rendered layouts/_header.html.erb (2.3ms)
2011-12-05T02:10:58+00:00 app[web.1]: Rendered layouts/_footer.html.erb (0.3ms)
2011-12-05T02:10:58+00:00 app[web.1]: Completed 200 OK in 25ms (Views: 11.0ms | ActiveRecord: 11.9ms)
2011-12-05T02:10:58+00:00 app[web.1]: cache: [GET /admins/1] miss
2011-12-05T02:10:58+00:00 app[web.1]: 
2011-12-05T02:10:58+00:00 app[web.1]: 
2011-12-05T02:10:58+00:00 app[web.1]: Started GET "/assets/defaults.js" for 24.147.190.122 at 2011-12-04 18:10:58 -0800
2011-12-05T02:10:58+00:00 app[web.1]: 
2011-12-05T02:10:58+00:00 app[web.1]: ActionController::RoutingError (No route matches [GET] "/assets/defaults.js"):
2011-12-05T02:10:58+00:00 app[web.1]:   
2011-12-05T02:10:58+00:00 app[web.1]: 
2011-12-05T02:10:58+00:00 app[web.1]: 
2011-12-05T02:10:58+00:00 app[web.1]: cache: [GET /assets/defaults.js] miss
2011-12-05T02:10:58+00:00 heroku[nginx]: 24.147.190.122 - - [04/Dec/2011:18:10:58 -0800] "GET /assets/defaults.js HTTP/1.1" 404 728 "http://stormy-window-6506.heroku.com/admins/1" "Mozilla/5.0 (X11; Linux i686; rv:7.0.1) Gecko/20100101 Firefox/7.0.1" stormy-window-6506.heroku.com
2011-12-05T02:10:59+00:00 app[web.1]: 
2011-12-05T02:10:59+00:00 app[web.1]: 
2011-12-05T02:10:59+00:00 app[web.1]: Started GET "/assets/" for 24.147.190.122 at 2011-12-04 18:10:59 -0800
2011-12-05T02:10:59+00:00 app[web.1]: 
2011-12-05T02:10:59+00:00 app[web.1]: ActionController::RoutingError (No route matches [GET] "/assets"):
2011-12-05T02:10:59+00:00 app[web.1]:   
2011-12-05T02:10:59+00:00 app[web.1]: 
2011-12-05T02:10:59+00:00 app[web.1]: 
2011-12-05T02:10:59+00:00 app[web.1]: cache: [GET /assets/] miss
2011-12-05T02:10:59+00:00 heroku[nginx]: 24.147.190.122 - - [04/Dec/2011:18:10:59 -0800] "GET /assets/ HTTP/1.1" 404 728 "http://stormy-window-6506.heroku.com/admins/1" "Mozilla/5.0 (X11; Linux i686; rv:7.0.1) Gecko/20100101 Firefox/7.0.1" stormy-window-6506.heroku.com
2011-12-05T02:11:00+00:00 app[web.1]: 
2011-12-05T02:11:00+00:00 app[web.1]: 
2011-12-05T02:11:00+00:00 app[web.1]: Started GET "/" for 24.147.190.122 at 2011-12-04 18:11:00 -0800
2011-12-05T02:11:00+00:00 app[web.1]:   Processing by PagesController#home as HTML
2011-12-05T02:11:00+00:00 app[web.1]: Read fragment views/challenges_cache (0.2ms)
2011-12-05T02:11:00+00:00 app[web.1]: Rendered challenges/_challenge.html.erb (0.4ms)
2011-12-05T02:11:00+00:00 app[web.1]: Rendered shared/_admin_info.html.erb (8.1ms)
2011-12-05T02:11:00+00:00 app[web.1]: Rendered pages/home.html.erb within layouts/application (9.6ms)
2011-12-05T02:11:00+00:00 app[web.1]: Rendered layouts/_stylesheets.html.erb (1.8ms)
2011-12-05T02:11:00+00:00 app[web.1]: Rendered layouts/_header.html.erb (2.0ms)
2011-12-05T02:11:00+00:00 app[web.1]: Rendered layouts/_footer.html.erb (0.3ms)
2011-12-05T02:11:00+00:00 app[web.1]: Completed 200 OK in 17ms (Views: 10.2ms | ActiveRecord: 6.3ms)
2011-12-05T02:11:00+00:00 app[web.1]: cache: [GET /] miss
2011-12-05T02:11:00+00:00 heroku[nginx]: 24.147.190.122 - - [04/Dec/2011:18:11:00 -0800] "GET / HTTP/1.1" 304 0 "http://stormy-window-6506.heroku.com/admins/1" "Mozilla/5.0 (X11; Linux i686; rv:7.0.1) Gecko/20100101 Firefox/7.0.1" stormy-window-6506.heroku.com
2011-12-05T02:11:03+00:00 app[web.1]: 
2011-12-05T02:11:03+00:00 app[web.1]: Started GET "/assets/defaults.js" for 24.147.190.122 at 2011-12-04 18:11:03 -0800
2011-12-05T02:11:03+00:00 app[web.1]: 
2011-12-05T02:11:03+00:00 app[web.1]: ActionController::RoutingError (No route matches [GET] "/assets/defaults.js"):
2011-12-05T02:11:03+00:00 app[web.1]:   
2011-12-05T02:11:03+00:00 app[web.1]: 
2011-12-05T02:11:03+00:00 app[web.1]: 
2011-12-05T02:11:03+00:00 app[web.1]: cache: [GET /assets/defaults.js] miss
2011-12-05T02:11:09+00:00 app[web.1]: 
2011-12-05T02:11:09+00:00 app[web.1]: 
2011-12-05T02:11:09+00:00 app[web.1]: Started GET "/admins/1" for 24.147.190.122 at 2011-12-04 18:11:09 -0800
2011-12-05T02:11:09+00:00 app[web.1]:   Processing by AdminsController#show as HTML
2011-12-05T02:11:09+00:00 app[web.1]:   Parameters: {"id"=>"1"}
2011-12-05T02:11:09+00:00 app[web.1]: Rendered admins/show.html.erb within layouts/application (3.4ms)
2011-12-05T02:11:09+00:00 app[web.1]: Rendered layouts/_stylesheets.html.erb (2.5ms)
2011-12-05T02:11:09+00:00 app[web.1]: Rendered layouts/_header.html.erb (2.2ms)
2011-12-05T02:11:09+00:00 app[web.1]: Rendered layouts/_footer.html.erb (0.3ms)
2011-12-05T02:11:09+00:00 heroku[nginx]: 24.147.190.122 - - [04/Dec/2011:18:11:09 -0800] "GET /assets/ HTTP/1.1" 404 728 "http://stormy-window-6506.heroku.com/admins/1" "Mozilla/5.0 (X11; Linux i686; rv:7.0.1) Gecko/20100101 Firefox/7.0.1" stormy-window-6506.heroku.com
2011-12-05T02:11:09+00:00 app[web.1]: 
2011-12-05T02:11:09+00:00 app[web.1]: 
2011-12-05T02:11:09+00:00 app[web.1]: Started GET "/assets/" for 24.147.190.122 at 2011-12-04 18:11:09 -0800
2011-12-05T02:11:09+00:00 app[web.1]: 
2011-12-05T02:11:09+00:00 app[web.1]: ActionController::RoutingError (No route matches [GET] "/assets"):
2011-12-05T02:11:09+00:00 app[web.1]:   
2011-12-05T02:11:09+00:00 app[web.1]: 
2011-12-05T02:11:09+00:00 app[web.1]: 
2011-12-05T02:11:09+00:00 app[web.1]: cache: [GET /assets/] miss
2011-12-05T02:11:09+00:00 app[web.1]: 
2011-12-05T02:11:09+00:00 app[web.1]: 
2011-12-05T02:11:09+00:00 app[web.1]: Started GET "/assets/" for 24.147.190.122 at 2011-12-04 18:11:09 -0800
2011-12-05T02:11:09+00:00 app[web.1]: 
2011-12-05T02:11:09+00:00 app[web.1]: ActionController::RoutingError (No route matches [GET] "/assets"):
2011-12-05T02:11:09+00:00 app[web.1]:   
2011-12-05T02:11:09+00:00 app[web.1]: 
2011-12-05T02:11:09+00:00 heroku[nginx]: 24.147.190.122 - - [04/Dec/2011:18:11:09 -0800] "GET /assets/ HTTP/1.1" 404 728 "http://stormy-window-6506.heroku.com/admins/1" "Mozilla/5.0 (X11; Linux i686; rv:7.0.1) Gecko/20100101 Firefox/7.0.1" stormy-window-6506.heroku.com
2011-12-05T02:11:09+00:00 app[web.1]: 
2011-12-05T02:11:09+00:00 app[web.1]: cache: [GET /assets/] miss
2011-12-05T02:11:18+00:00 app[web.1]: 
2011-12-05T02:11:18+00:00 heroku[nginx]: 24.147.190.122 - - [04/Dec/2011:18:11:18 -0800] "GET / HTTP/1.1" 304 0 "http://stormy-window-6506.heroku.com/admins/1" "Mozilla/5.0 (X11; Linux i686; rv:7.0.1) Gecko/20100101 Firefox/7.0.1" stormy-window-6506.heroku.com
2011-12-05T02:11:18+00:00 app[web.1]: 
2011-12-05T02:11:18+00:00 app[web.1]: 
2011-12-05T02:11:18+00:00 app[web.1]: Started GET "/assets/defaults.js" for 24.147.190.122 at 2011-12-04 18:11:18 -0800
2011-12-05T02:11:18+00:00 app[web.1]: 
2011-12-05T02:11:18+00:00 app[web.1]: ActionController::RoutingError (No route matches [GET] "/assets/defaults.js"):
2011-12-05T02:11:18+00:00 app[web.1]:   
2011-12-05T02:11:18+00:00 app[web.1]: 
2011-12-05T02:11:18+00:00 app[web.1]: 
2011-12-05T02:11:18+00:00 app[web.1]: cache: [GET /assets/defaults.js] miss
2011-12-05T02:11:21+00:00 app[web.1]: 
2011-12-05T02:11:21+00:00 app[web.1]: 
2011-12-05T02:11:21+00:00 app[web.1]: Started GET "/admins/graphs?method=get" for 24.147.190.122 at 2011-12-04 18:11:21 -0800
2011-12-05T02:11:21+00:00 app[web.1]:   Processing by AdminsController#graphs as HTML
2011-12-05T02:11:21+00:00 app[web.1]:   Parameters: {"method"=>"get"}
2011-12-05T02:11:21+00:00 app[web.1]: Read fragment views/graphs_cache (0.1ms)
2011-12-05T02:11:21+00:00 app[web.1]: Write fragment views/graphs_cache (1.9ms)
2011-12-05T02:11:21+00:00 app[web.1]: Rendered admins/view_graphs.html.erb within layouts/application (278.7ms)
2011-12-05T02:11:21+00:00 app[web.1]: Rendered layouts/_stylesheets.html.erb (1.7ms)
2011-12-05T02:11:21+00:00 app[web.1]: Rendered layouts/_header.html.erb (2.2ms)
2011-12-05T02:11:21+00:00 app[web.1]: Rendered layouts/_footer.html.erb (0.3ms)
2011-12-05T02:11:21+00:00 app[web.1]: Completed 200 OK in 286ms (Views: 109.3ms | ActiveRecord: 176.8ms)
2011-12-05T02:11:21+00:00 app[web.1]: cache: [GET /admins/graphs?method=get] miss
2011-12-05T02:11:21+00:00 app[web.1]: 
2011-12-05T02:11:21+00:00 app[web.1]: 
2011-12-05T02:11:21+00:00 app[web.1]: Started GET "/assets/defaults.js" for 24.147.190.122 at 2011-12-04 18:11:21 -0800
2011-12-05T02:11:21+00:00 app[web.1]: 
2011-12-05T02:11:21+00:00 app[web.1]: ActionController::RoutingError (No route matches [GET] "/assets/defaults.js"):
2011-12-05T02:11:21+00:00 app[web.1]:   
2011-12-05T02:11:21+00:00 app[web.1]: 
2011-12-05T02:11:21+00:00 app[web.1]: 
2011-12-05T02:11:21+00:00 app[web.1]: cache: [GET /assets/defaults.js] miss
2011-12-05T02:11:21+00:00 heroku[nginx]: 24.147.190.122 - - [04/Dec/2011:18:11:21 -0800] "GET /assets/defaults.js HTTP/1.1" 404 728 "http://stormy-window-6506.heroku.com/admins/graphs?method=get" "Mozilla/5.0 (X11; Linux i686; rv:7.0.1) Gecko/20100101 Firefox/7.0.1" stormy-window-6506.heroku.com
2011-12-05T02:11:28+00:00 app[web.1]: 
2011-12-05T02:11:28+00:00 app[web.1]: 
2011-12-05T02:11:28+00:00 app[web.1]: Started GET "/" for 24.147.190.122 at 2011-12-04 18:11:28 -0800
2011-12-05T02:11:28+00:00 app[web.1]:   Processing by PagesController#home as HTML
2011-12-05T02:11:28+00:00 app[web.1]: Read fragment views/challenges_cache (0.2ms)
2011-12-05T02:11:28+00:00 app[web.1]: Rendered challenges/_challenge.html.erb (0.6ms)
2011-12-05T02:11:28+00:00 app[web.1]: Rendere
d shared/_admin_info.html.erb (9.9ms)
2011-12-05T02:11:28+00:00 app[web.1]: Rendered pages/home.html.erb within layouts/application (12.3ms)
2011-12-05T02:11:28+00:00 app[web.1]: Rendered layouts/_stylesheets.html.erb (1.6ms)
2011-12-05T02:11:28+00:00 app[web.1]: Rendered layouts/_header.html.erb (2.0ms)
2011-12-05T02:11:28+00:00 app[web.1]: Rendered layouts/_footer.html.erb (0.3ms)
2011-12-05T02:11:28+00:00 app[web.1]: Completed 200 OK in 19ms (Views: 13.6ms | ActiveRecord: 5.2ms)
2011-12-05T02:11:28+00:00 app[web.1]: cache: [GET /] miss
2011-12-05T02:11:28+00:00 app[web.1]: 
2011-12-05T02:11:28+00:00 app[web.1]: 
2011-12-05T02:11:28+00:00 app[web.1]: Started GET "/assets/defaults.js" for 24.147.190.122 at 2011-12-04 18:11:28 -0800
2011-12-05T02:11:28+00:00 app[web.1]: 
2011-12-05T02:11:28+00:00 app[web.1]: ActionController::RoutingError (No route matches [GET] "/assets/defaults.js"):
2011-12-05T02:11:28+00:00 app[web.1]:   
2011-12-05T02:11:28+00:00 app[web.1]: 
2011-12-05T02:11:28+00:00 app[web.1]: 
2011-12-05T02:11:28+00:00 app[web.1]: cache: [GET /assets/defaults.js] miss
2011-12-05T02:11:30+00:00 app[web.1]: 
2011-12-05T02:11:30+00:00 app[web.1]: 
2011-12-05T02:11:30+00:00 app[web.1]: Started GET "/admins/graphs?method=get" for 24.147.190.122 at 2011-12-04 18:11:30 -0800
2011-12-05T02:11:30+00:00 app[web.1]:   Processing by AdminsController#graphs as HTML
2011-12-05T02:11:30+00:00 app[web.1]:   Parameters: {"method"=>"get"}
2011-12-05T02:11:30+00:00 app[web.1]: Read fragment views/graphs_cache (0.2ms)
2011-12-05T02:11:30+00:00 app[web.1]: Rendered admins/view_graphs.html.erb within layouts/application (0.4ms)
2011-12-05T02:11:30+00:00 app[web.1]: Rendered layouts/_stylesheets.html.erb (1.6ms)
2011-12-05T02:11:30+00:00 app[web.1]: Rendered layouts/_header.html.erb (3.5ms)
2011-12-05T02:11:30+00:00 app[web.1]: Rendered layouts/_footer.html.erb (0.3ms)
2011-12-05T02:11:30+00:00 app[web.1]: Completed 200 OK in 8ms (Views: 6.6ms | ActiveRecord: 1.1ms)
2011-12-05T02:11:30+00:00 app[web.1]: cache: [GET /admins/graphs?method=get] miss
2011-12-05T02:11:30+00:00 app[web.1]: 
2011-12-05T02:11:30+00:00 app[web.1]: 
2011-12-05T02:11:30+00:00 app[web.1]: Started GET "/assets/defaults.js" for 24.147.190.122 at 2011-12-04 18:11:30 -0800
2011-12-05T02:11:30+00:00 app[web.1]: 
2011-12-05T02:11:30+00:00 app[web.1]: ActionController::RoutingError (No route matches [GET] "/assets/defaults.js"):
2011-12-05T02:11:30+00:00 app[web.1]:   
2011-12-05T02:11:30+00:00 app[web.1]: 
2011-12-05T02:11:30+00:00 app[web.1]: 
2011-12-05T02:11:30+00:00 app[web.1]: cache: [GET /assets/defaults.js] miss
2011-12-05T02:11:32+00:00 app[web.1]: 
2011-12-05T02:11:32+00:00 app[web.1]: 
2011-12-05T02:11:32+00:00 app[web.1]: Started GET "/" for 24.147.190.122 at 2011-12-04 18:11:32 -0800
2011-12-05T02:11:32+00:00 app[web.1]:   Processing by PagesController#home as HTML
2011-12-05T02:11:32+00:00 app[web.1]: Read fragment views/challenges_cache (0.1ms)
2011-12-05T02:11:32+00:00 app[web.1]: Rendered challenges/_challenge.html.erb (0.3ms)
2011-12-05T02:11:32+00:00 app[web.1]: Rendered shared/_admin_info.html.erb (6.9ms)
2011-12-05T02:11:32+00:00 app[web.1]: Rendered pages/home.html.erb within layouts/application (8.9ms)
2011-12-05T02:11:32+00:00 app[web.1]: Rendered layouts/_stylesheets.html.erb (1.6ms)
2011-12-05T02:11:32+00:00 app[web.1]: Rendered layouts/_header.html.erb (1.8ms)
2011-12-05T02:11:32+00:00 app[web.1]: Rendered layouts/_footer.html.erb (0.3ms)
2011-12-05T02:11:32+00:00 app[web.1]: Completed 200 OK in 15ms (Views: 8.9ms | ActiveRecord: 5.6ms)
2011-12-05T02:11:32+00:00 app[web.1]: cache: [GET /] miss
2011-12-05T02:11:32+00:00 app[web.1]: 
2011-12-05T02:11:32+00:00 app[web.1]: 
2011-12-05T02:11:32+00:00 app[web.1]: Started GET "/assets/defaults.js" for 24.147.190.122 at 2011-12-04 18:11:32 -0800
2011-12-05T02:11:32+00:00 app[web.1]: 
2011-12-05T02:11:32+00:00 app[web.1]: ActionController::RoutingError (No route matches [GET] "/assets/defaults.js"):
2011-12-05T02:11:32+00:00 app[web.1]:   
2011-12-05T02:11:32+00:00 app[web.1]: 
2011-12-05T02:11:32+00:00 app[web.1]: 
2011-12-05T02:11:32+00:00 app[web.1]: cache: [GET /assets/defaults.js] miss
2011-12-05T02:11:34+00:00 app[web.1]: 
2011-12-05T02:11:34+00:00 app[web.1]: 
2011-12-05T02:11:34+00:00 app[web.1]: Started GET "/signout" for 24.147.190.122 at 2011-12-04 18:11:34 -0800
2011-12-05T02:11:34+00:00 app[web.1]:   Processing by SessionsController#destroy as HTML
2011-12-05T02:11:34+00:00 app[web.1]: Expire fragment views/challenges_cache (0.4ms)
2011-12-05T02:11:34+00:00 app[web.1]: Expire fragment views/graphs_cache (0.2ms)
2011-12-05T02:11:34+00:00 app[web.1]: Expire fragment views/annotated_charts_cache (0.0ms)
2011-12-05T02:11:34+00:00 app[web.1]: Redirected to http://stormy-window-6506.heroku.com/
2011-12-05T02:11:34+00:00 app[web.1]: Completed 302 Found in 3ms
2011-12-05T02:11:34+00:00 app[web.1]: cache: [GET /signout] miss
2011-12-05T02:11:35+00:00 app[web.1]: 
2011-12-05T02:11:35+00:00 app[web.1]: 
2011-12-05T02:11:35+00:00 app[web.1]: Rendered layouts/_stylesheets.html.erb (1.7ms)
2011-12-05T02:11:35+00:00 app[web.1]: Rendered layouts/_header.html.erb (1.4ms)
2011-12-05T02:11:35+00:00 app[web.1]: Rendered layouts/_footer.html.erb (0.3ms)
2011-12-05T02:11:35+00:00 app[web.1]: Completed 200 OK in 8ms (Views: 6.9ms | ActiveRecord: 0.9ms)
2011-12-05T02:11:35+00:00 app[web.1]: cache: [GET /] miss
2011-12-05T02:11:35+00:00 heroku[nginx]: 24.147.190.122 - - [04/Dec/2011:18:11:35 -0800] "GET / HTTP/1.1" 200 885 "http://stormy-window-6506.heroku.com/" "Mozilla/5.0 (X11; Linux i686; rv:7.0.1) Gecko/20100101 Firefox/7.0.1" stormy-window-6506.heroku.com
2011-12-05T02:11:35+00:00 app[web.1]: 
2011-12-05T02:11:35+00:00 app[web.1]: 
2011-12-05T02:11:35+00:00 app[web.1]: Started GET "/assets/defaults.js" for 24.147.190.122 at 2011-12-04 18:11:35 -0800
2011-12-05T02:11:35+00:00 heroku[nginx]: 24.147.190.122 - - [04/Dec/2011:18:11:35 -0800] "GET /assets/defaults.js HTTP/1.1" 404 728 "http://stormy-window-6506.heroku.com/" "Mozilla/5.0 (X11; Linux i686; rv:7.0.1) Gecko/20100101 Firefox/7.0.1" stormy-window-6506.heroku.com
2011-12-05T03:20:03+00:00 heroku[web.1]: State changed from up to down
2011-12-05T03:20:05+00:00 heroku[web.1]: Stopping process with SIGTERM
2011-12-05T03:20:05+00:00 app[web.1]: >> Stopping ...
2011-12-05T03:20:05+00:00 heroku[web.1]: Process exited
2011-12-06T03:08:02+00:00 heroku[slugc]: Slug compilation started
2011-12-06T03:08:36+00:00 heroku[slugc]: Slug compilation finished
2011-12-06T03:11:56+00:00 heroku[web.1]: Unidling
2011-12-06T03:11:56+00:00 heroku[web.1]: State changed from down to created
2011-12-06T03:11:56+00:00 heroku[web.1]: State changed from created to starting
2011-12-06T03:12:00+00:00 heroku[web.1]: Starting process with command `thin -p 43976 -e production -R /home/heroku_rack/heroku.ru start`
2011-12-06T03:12:05+00:00 app[web.1]: >> Thin web server (v1.2.6 codename Crazy Delicious)
2011-12-06T03:12:05+00:00 app[web.1]: >> Maximum connections set to 1024
2011-12-06T03:12:05+00:00 app[web.1]: >> Listening on 0.0.0.0:43976, CTRL+C to stop
2011-12-06T03:12:06+00:00 heroku[web.1]: State changed from starting to up
2011-12-06T03:12:08+00:00 app[web.1]: 
2011-12-06T03:12:08+00:00 app[web.1]: 
2011-12-06T03:12:08+00:00 app[web.1]: Started
 GET "/" for 24.147.190.122 at 2011-12-05 19:12:08 -0800
2011-12-06T03:12:08+00:00 app[web.1]:   Processing by PagesController#home as HTML
2011-12-06T03:12:08+00:00 app[web.1]: Rendered pages/home.html.erb within layouts/application (27.6ms)
2011-12-06T03:12:08+00:00 app[web.1]: Rendered layouts/_stylesheets.html.erb (62.5ms)
2011-12-06T03:12:08+00:00 app[web.1]: Rendered layouts/_header.html.erb (5.5ms)
2011-12-06T03:12:08+00:00 app[web.1]: Rendered layouts/_footer.html.erb (0.7ms)
2011-12-06T03:12:08+00:00 app[web.1]: Completed 200 OK in 163ms (Views: 160.2ms | ActiveRecord: 1.9ms)
2011-12-06T03:12:08+00:00 app[web.1]: cache: [GET /] miss
2011-12-06T03:12:08+00:00 app[web.1]: 
2011-12-06T03:12:08+00:00 app[web.1]: 
2011-12-06T03:12:08+00:00 app[web.1]: Started GET "/assets/screen-5bc1391a5ef4d66b24d45c5620c63e6f.css" for 24.147.190.122 at 2011-12-05 19:12:08 -0800
2011-12-06T03:12:08+00:00 app[web.1]: cache: [GET /assets/screen-5bc1391a5ef4d66b24d45c5620c63e6f.css] miss, store
2011-12-06T03:12:08+00:00 app[web.1]: 
2011-12-06T03:12:08+00:00 app[web.1]: 
2011-12-06T03:12:08+00:00 app[web.1]: Started GET "/assets/print-546a98b9c7af47b787b14846df87fd9b.css" for 24.147.190.122 at 2011-12-05 19:12:08 -0800
2011-12-06T03:12:08+00:00 app[web.1]: cache: [GET /assets/print-546a98b9c7af47b787b14846df87fd9b.css] miss, store
2011-12-06T03:12:08+00:00 app[web.1]: 
2011-12-06T03:12:08+00:00 app[web.1]: 
2011-12-06T03:12:08+00:00 app[web.1]: Started GET "/assets/custom-ac8bae260997e5d2441a366cbd90dd04.css" for 24.147.190.122 at 2011-12-05 19:12:08 -0800
2011-12-06T03:12:08+00:00 app[web.1]: cache: [GET /assets/custom-ac8bae260997e5d2441a366cbd90dd04.css] miss, store
2011-12-06T03:12:08+00:00 app[web.1]: 
2011-12-06T03:12:08+00:00 app[web.1]: 
2011-12-06T03:12:08+00:00 app[web.1]: Started GET "/assets/defaults.js" for 24.147.190.122 at 2011-12-05 19:12:08 -0800
2011-12-06T03:12:08+00:00 heroku[nginx]: 24.147.190.122 - - [05/Dec/2011:19:12:08 -0800] "GET /assets/print-546a98b9c7af47b787b14846df87fd9b.css HTTP/1.1" 200 688 "http://stormy-window-6506.heroku.com/" "Mozilla/5.0 (X11; Linux i686; rv:7.0.1) Gecko/20100101 Firefox/7.0.1" stormy-window-6506.heroku.com
2011-12-06T03:12:08+00:00 heroku[nginx]: 24.147.190.122 - - [05/Dec/2011:19:12:08 -0800] "GET /assets/custom-ac8bae260997e5d2441a366cbd90dd04.css HTTP/1.1" 200 969 "http://stormy-window-6506.heroku.com/" "Mozilla/5.0 (X11; Linux i686; rv:7.0.1) Gecko/20100101 Firefox/7.0.1" stormy-window-6506.heroku.com
2011-12-06T03:12:08+00:00 app[web.1]: 
2011-12-06T03:12:08+00:00 app[web.1]: ActionController::RoutingError (No route matches [GET] "/assets/defaults.js"):
2011-12-06T03:12:08+00:00 app[web.1]:   
2011-12-06T03:12:08+00:00 app[web.1]: 
2011-12-06T03:12:08+00:00 app[web.1]: 
2011-12-06T03:12:08+00:00 app[web.1]: cache: [GET /assets/defaults.js] miss
2011-12-06T03:12:08+00:00 heroku[nginx]: 24.147.190.122 - - [05/Dec/2011:19:12:08 -0800] "GET /assets/defaults.js HTTP/1.1" 404 728 "http://stormy-window-6506.heroku.com/" "Mozilla/5.0 (X11; Linux i686; rv:7.0.1) Gecko/20100101 Firefox/7.0.1" stormy-window-6506.heroku.com
2011-12-06T03:12:08+00:00 app[web.1]: 
2011-12-06T03:12:08+00:00 app[web.1]: 
2011-12-06T03:12:08+00:00 app[web.1]: Started GET "/assets/logo-74144778c2ace4309d764d2c8fa9c422.png" for 24.147.190.122 at 2011-12-05 19:12:08 -0800
2011-12-06T03:12:08+00:00 app[web.1]: cache: [GET /assets/logo-74144778c2ace4309d764d2c8fa9c422.png] miss, store
2011-12-06T03:12:08+00:00 heroku[nginx]: 24.147.190.122 - - [05/Dec/2011:19:12:08 -0800] "GET /assets/logo-74144778c2ace4309d764d2c8fa9c422.png HTTP/1.1" 200 1522 "http://stormy-window-6506.heroku.com/" "Mozilla/5.0 (X11; Linux i686; rv:7.0.1) Gecko/20100101 Firefox/7.0.1" stormy-window-6506.heroku.com
2011-12-06T03:12:10+00:00 app[web.1]: 
2011-12-06T03:12:10+00:00 app[web.1]: 
2011-12-06T03:12:10+00:00 app[web.1]: Started GET "/assets/defaults.js" for 24.147.190.122 at 2011-12-05 19:12:10 -0800
2011-12-06T03:12:10+00:00 app[web.1]: 
2011-12-06T03:12:10+00:00 app[web.1]: ActionController::RoutingError (No route matches [GET] "/assets/defaults.js"):
2011-12-06T03:12:10+00:00 app[web.1]:   
2011-12-06T03:12:10+00:00 app[web.1]: 
2011-12-06T03:12:10+00:00 app[web.1]: 
2011-12-06T03:12:10+00:00 app[web.1]: cache: [GET /assets/defaults.js] miss
2011-12-06T03:12:17+00:00 app[web.1]: 
2011-12-06T03:12:17+00:00 app[web.1]: 
2011-12-06T03:12:17+00:00 app[web.1]: Started POST "/sessions" for 24.147.190.122 at 2011-12-05 19:12:17 -0800
2011-12-06T03:12:17+00:00 app[web.1]:   Processing by SessionsController#create as HTML
2011-12-06T03:12:17+00:00 app[web.1]:   Parameters: {"utf8"=>"✓", "authenticity_token"=>"3sYnTMr617vDFxaPQfa0hozt8CsGrsMv2jlQsTDPE6c=", "session"=>{"email"=>"example-7@railstutorial.org", "password"=>"[FILTERED]"}, "commit"=>"Sign in"}
2011-12-06T03:12:17+00:00 app[web.1]: Redirected to http://stormy-window-6506.heroku.com/admins/8
2011-12-06T03:12:17+00:00 app[web.1]: Completed 302 Found in 37ms
2011-12-06T03:12:17+00:00 app[web.1]: cache: [POST /sessions] invalidate, pass
2011-12-06T03:12:17+00:00 heroku[nginx]: 24.147.190.122 - - [05/Dec/2011:19:12:17 -0800] "POST /sessions HTTP/1.1" 302 122 "http://stormy-window-6506.heroku.com/signin" "Mozilla/5.0 (X11; Linux i686; rv:7.0.1) Gecko/20100101 Firefox/7.0.1" stormy-window-6506.heroku.com
2011-12-06T03:12:17+00:00 app[web.1]: 
2011-12-06T03:12:17+00:00 app[web.1]: 
2011-12-06T03:12:17+00:00 app[web.1]: Started GET "/admins/8" for 24.147.190.122 at 2011-12-05 19:12:17 -0800
2011-12-06T03:12:17+00:00 heroku[nginx]: 24.147.190.122 - - [05/Dec/2011:19:12:17 -0800] "GET /assets/ HTTP/1.1" 404 728 "http://stormy-window-6506.heroku.com/admins/8" "Mozilla/5.0 (X11; Linux i686; rv:7.0.1) Gecko/20100101 Firefox/7.0.1" stormy-window-6506.heroku.com
2011-12-06T03:12:20+00:00 app[web.1]: 
2011-12-06T03:12:20+00:00 app[web.1]: 
2011-12-06T03:12:20+00:00 app[web.1]: Started GET "/" for 24.147.190.122 at 2011-12-05 19:12:20 -0800
2011-12-06T03:12:20+00:00 app[web.1]:   Processing by PagesController#home as HTML
2011-12-06T03:12:21+00:00 app[web.1]: Read fragment views/challenges_cache (0.2ms)
2011-12-06T03:12:22+00:00 app[web.1]: Write fragment views/challenges_cache (2.3ms)
2011-12-06T03:12:22+00:00 app[web.1]: Rendered challenges/_challenge.html.erb (1119.7ms)
2011-12-06T03:12:22+00:00 app[web.1]: Rendered shared/_admin_info.html.erb (1974.0ms)
2011-12-06T03:12:22+00:00 app[web.1]: Rendered pages/home.html.erb within layouts/application (1981.9ms)
2011-12-06T03:12:22+00:00 app[web.1]: Rendered layouts/_stylesheets.html.erb (2.6ms)
2011-12-06T03:12:22+00:00 app[web.1]: Rendered layouts/_header.html.erb (1.9ms)
2011-12-06T03:12:22+00:00 app[web.1]: Rendered layouts/_footer.html.erb (0.3ms)
2011-12-06T03:12:22+00:00 app[web.1]: Completed 200 OK in 1990ms (Views: 1765.4ms | ActiveRecord: 223.9ms)
2011-12-06T03:12:22+00:00 app[web.1]: cache: [GET /] miss
2011-12-06T03:12:24+00:00 app[web.1]: Rendered layouts/_stylesheets.html.erb (3.0ms)
2011-12-06T03:12:24+00:00 app[web.1]: Rendered layouts/_header.html.erb (2.0ms)
2011-12-06T03:12:24+00:00 app[web.1]: Rendered layouts/_footer.html.erb (0.3ms)
2011-12-06T03:12:24+00:00 app[web.1]: Completed 200 OK in 89ms (Views: 73.0ms | ActiveRecord: 15.6ms)
2011-12-06T03:12:24+00:00 app[web.1]: cache: [GET /admins/onramp?method=get] miss
2011-12-06T03:12:24+00:00 app[web.1]: 
2011-12-06T03:12:24+00:00 app[web.1]: 
2011-12-06T03:12:24+00:00 app[web.1]: Started GET "/assets/defaults.js" for 24.147.190.122 at 2011-12-05 19:12:24 -0800
2011-12-06T03:12:24+00:00 app[web.1]: 
2011-12-06T03:12:24+00:00 app[web.1]: ActionController::RoutingError (No route matches [GET] "/assets/defaults.js"):
2011-12-06T03:12:24+00:00 app[web.1]:   
2011-12-06T03:12:24+00:00 app[web.1]: 
2011-12-06T03:12:24+00:00 app[web.1]: 
2011-12-06T03:12:24+00:00 app[web.1]: cache: [GET /assets/defaults.js] miss
2011-12-06T03:12:33+00:00 app[web.1]: 
2011-12-06T03:12:33+00:00 app[web.1]: 
2011-12-06T03:12:33+00:00 app[web.1]: Started GET "/" for 24.147.190.122 at 2011-12-05 19:12:33 -0800
2011-12-06T03:12:33+00:00 app[web.1]:   Processing by PagesController#home as HTML
2011-12-06T03:12:33+00:00 app[web.1]: Read fragment views/challenges_cache (0.3ms)
2011-12-06T03:12:33+00:00 app[web.1]: Rendered challenges/_challenge.html.erb (0.6ms)
2011-12-06T03:12:33+00:00 app[web.1]: Rendered shared/_admin_info.html.erb (12.4ms)
2011-12-06T03:12:33+00:00 app[web.1]: Rendered pages/home.html.erb within layouts/application (15.7ms)
2011-12-06T03:12:33+00:00 app[web.1]: Rendered layouts/_stylesheets.html.erb (3.5ms)
2011-12-06T03:12:33+00:00 app[web.1]: Rendered layouts/_header.html.erb (2.6ms)
2011-12-06T03:12:33+00:00 app[web.1]: Rendered layouts/_footer.html.erb (0.8ms)
2011-12-06T04:17:20+00:00 heroku[web.1]: Idling
2011-12-06T04:17:21+00:00 heroku[web.1]: State changed from up to down
2011-12-06T04:17:23+00:00 app[web.1]: >> Stopping ...
2011-12-07T03:20:28+00:00 heroku[web.1]: Unidling
2011-12-07T03:20:28+00:00 heroku[web.1]: State changed from down to created
2011-12-07T03:20:28+00:00 heroku[web.1]: State changed from created to starting
2011-12-07T03:20:31+00:00 heroku[web.1]: Starting process with command `thin -p 51220 -e production -R /home/heroku_rack/heroku.ru start`
2011-12-07T03:20:36+00:00 app[web.1]: >> Thin web server (v1.2.6 codename Crazy Delicious)
2011-12-07T03:20:36+00:00 app[web.1]: >> Maximum connections set to 1024
2011-12-07T03:20:36+00:00 app[web.1]: >> Listening on 0.0.0.0:51220, CTRL+C to stop
2011-12-07T03:20:38+00:00 heroku[web.1]: State changed from starting to up
2011-12-07T03:20:40+00:00 app[web.1]: 
2011-12-07T03:20:40+00:00 app[web.1]: 
2011-12-07T03:20:40+00:00 app[web.1]: Started GET "/" for 184.75.13.195 at 2011-12-06 19:20:40 -0800
2011-12-07T03:20:40+00:00 app[web.1]:   Processing by PagesController#home as HTML
2011-12-07T03:20:40+00:00 app[web.1]: Read fragment views/challenges_cache (0.1ms)
2011-12-07T03:20:40+00:00 app[web.1]: Write fragment views/challenges_cache (1.9ms)
2011-12-07T03:20:40+00:00 app[web.1]: Rendered challenges/_challenge.html.erb (342.4ms)
2011-12-07T03:20:40+00:00 app[web.1]: Rendered shared/_admin_info.html.erb (444.7ms)
2011-12-07T03:20:40+00:00 app[web.1]: Rendered pages/home.html.erb within layouts/application (537.9ms)
2011-12-07T03:20:40+00:00 app[web.1]: Rendered layouts/_stylesheets.html.erb (23.0ms)
2011-12-07T03:20:40+00:00 app[web.1]: Rendered layouts/_header.html.erb (5.0ms)
2011-12-07T03:20:40+00:00 app[web.1]: Rendered layouts/_footer.html.erb (1.1ms)
2011-12-07T03:20:40+00:00 app[web.1]: Completed 200 OK in 617ms (Views: 388.5ms | ActiveRecord: 228.3ms)
2011-12-07T03:20:40+00:00 app[web.1]: cache: [GET /] miss
2011-12-07T03:20:40+00:00 heroku[nginx]: 184.75.13.195 - - [06/Dec/2011:19:20:40 -0800] "GET / HTTP/1.1" 200 1311 "http://stormy-window-6506.heroku.com/admins/onramp?method=get" "Mozilla/5.0 (X11; Linux i686; rv:7.0.1) Gecko/20100101 Firefox/7.0.1" stormy-window-6506.heroku.com
2011-12-07T03:21:42+00:00 heroku[router]: GET stormy-window-6506.heroku.com/assets/print-546a98b9c7af47b787b14846df87fd9b.css dyno=web.1 queue=0 wait=0ms service=45ms status=200 bytes=1288
2011-12-07T03:21:42+00:00 heroku[nginx]: 184.75.13.195 - - [06/Dec/2011:19:21:42 -0800] "GET /assets/print-546a98b9c7af47b787b14846df87fd9b.css HTTP/1.1" 200 688 "http://stormy-window-6506.heroku.com/" "Mozilla/5.0 (X11; Linux i686; rv:7.0.1) Gecko/20100101 Firefox/7.0.1" stormy-window-6506.heroku.com
2011-12-07T03:21:42+00:00 app[web.1]: 
2011-12-07T03:21:42+00:00 app[web.1]: 
2011-12-07T03:21:42+00:00 app[web.1]: Started
 GET "/assets/screen-5bc1391a5ef4d66b24d45c5620c63e6f.css" for 184.75.13.195 at 2011-12-06 19:21:42 -0800
2011-12-07T03:21:42+00:00 app[web.1]: cache: [GET /assets/screen-5bc1391a5ef4d66b24d45c5620c63e6f.css] miss, store
2011-12-07T03:21:42+00:00 heroku[router]: GET stormy-window-6506.heroku.com/assets/screen-5bc1391a5ef4d66b24d45c5620c63e6f.css dyno=web.1 queue=0 wait=0ms service=13ms status=200 bytes=12338
2011-12-07T03:21:42+00:00 heroku[nginx]: 184.75.13.195 - - [06/Dec/2011:19:21:42 -0800] "GET /assets/screen-5bc1391a5ef4d66b24d45c5620c63e6f.css HTTP/1.1" 200 3332 "http://stormy-window-6506.heroku.com/" "Mozilla/5.0 (X11; Linux i686; rv:7.0.1) Gecko/20100101 Firefox/7.0.1" stormy-window-6506.heroku.com
2011-12-07T03:21:43+00:00 app[web.1]: 
2011-12-07T03:21:43+00:00 app[web.1]: 
2011-12-07T03:21:43+00:00 app[web.1]: Started GET "/assets/custom-ac8bae260997e5d2441a366cbd90dd04.css" for 184.75.13.195 at 2011-12-06 19:21:43 -0800
2011-12-07T03:21:43+00:00 app[web.1]: cache: [GET /assets/custom-ac8bae260997e5d2441a366cbd90dd04.css] miss, store
2011-12-07T03:21:43+00:00 heroku[router]: GET stormy-window-6506.heroku.com/assets/custom-ac8bae260997e5d2441a366cbd90dd04.css dyno=web.1 queue=0 wait=0ms service=11ms status=200 bytes=2747
2011-12-07T03:21:43+00:00 heroku[nginx]: 184.75.13.195 - - [06/Dec/2011:19:21:43 -0800] "GET /assets/custom-ac8bae260997e5d2441a366cbd90dd04.css HTTP/1.1" 200 1010 "http://stormy-window-6506.heroku.com/" "Mozilla/5.0 (X11; Linux i686; rv:7.0.1) Gecko/20100101 Firefox/7.0.1" stormy-window-6506.heroku.com
2011-12-07T03:21:45+00:00 app[web.1]: 
2011-12-07T03:21:45+00:00 app[web.1]: 
2011-12-07T03:21:45+00:00 app[web.1]: Started GET "/assets/defaults.js" for 184.75.13.195 at 2011-12-06 19:21:45 -0800
2011-12-07T03:21:45+00:00 app[web.1]: 
2011-12-07T03:21:45+00:00 app[web.1]: ActionController::RoutingError (No route matches [GET] "/assets/defaults.js"):
2011-12-07T03:21:45+00:00 app[web.1]:   
2011-12-07T03:21:45+00:00 app[web.1]: 
2011-12-07T03:21:45+00:00 app[web.1]: 
2011-12-07T03:21:45+00:00 app[web.1]: cache: [GET /assets/defaults.js] miss
2011-12-07T03:21:45+00:00 heroku[nginx]: 184.75.13.195 - - [06/Dec/2011:19:21:45 -0800] "GET /assets/defaults.js HTTP/1.1" 404 728 "http://stormy-window-6506.heroku.com/" "Mozilla/5.0 (X11; Linux i686; rv:7.0.1) Gecko/20100101 Firefox/7.0.1" stormy-window-6506.heroku.com
2011-12-07T03:21:45+00:00 app[web.1]: 
2011-12-07T03:21:45+00:00 app[web.1]: 
2011-12-07T03:21:45+00:00 app[web.1]: Started GET "/assets/logo-74144778c2ace4309d764d2c8fa9c422.png" for 184.75.13.195 at 2011-12-06 19:21:45 -0800
2011-12-07T03:21:45+00:00 app[web.1]: cache: [GET /assets/logo-74144778c2ace4309d764d2c8fa9c422.png] miss, store
2011-12-07T03:21:45+00:00 heroku[router]: GET stormy-window-6506.heroku.com/assets/logo-74144778c2ace4309d764d2c8fa9c422.png dyno=web.1 queue=0 wait=0ms service=7ms status=200 bytes=1522
2011-12-07T03:21:45+00:00 heroku[nginx]: 184.75.13.195 - - [06/Dec/2011:19:21:45 -0800] "GET /assets/logo-74144778c2ace4309d764d2c8fa9c422.png HTTP/1.1" 200 1522 "http://stormy-window-6506.heroku.com/" "Mozilla/5.0 (X11; Linux i686; rv:7.0.1) Gecko/20100101 Firefox/7.0.1" stormy-window-6506.heroku.com
2011-12-07T03:21:46+00:00 app[web.1]: cache: [GET /favicon.ico] miss
2011-12-07T03:21:46+00:00 heroku[nginx]: 184.75.13.195 - - [06/Dec/2011:19:21:46 -0800] "GET /favicon.ico HTTP/1.1" 200 0 "-" "Mozilla/5.0 (X11; Linux i686; rv:7.0.1) Gecko/20100101 Firefox/7.0.1" stormy-window-6506.heroku.com
2011-12-07T03:21:46+00:00 heroku[router]: GET stormy-window-6506.heroku.com/favicon.ico dyno=web.1 queue=0 wait=0ms service=7ms status=200 bytes=0
2011-12-07T03:22:08+00:00 app[web.1]: 
2011-12-07T03:22:08+00:00 app[web.1]: 
2011-12-07T03:22:08+00:00 app[web.1]: Started GET "/admins/onramp?method=get" for 184.75.13.195 at 2011-12-06 19:22:08 -0800
2011-12-07T03:22:08+00:00 app[web.1]:   Processing by AdminsController#onramp as HTML
2011-12-07T03:22:08+00:00 app[web.1]:   Parameters: {"method"=>"get"}
2011-12-07T03:22:08+00:00 app[web.1]: Read fragment views/onramp_cache (0.1ms)
2011-12-07T03:22:08+00:00 app[web.1]: Write fragment views/onramp_cache (1.8ms)
2011-12-07T03:22:08+00:00 app[web.1]: Rendered admins/view_onramp.html.erb within layouts/application (66.6ms)
2011-12-07T03:22:08+00:00 app[web.1]: Rendered layouts/_stylesheets.html.erb (1.7ms)
2011-12-07T03:22:08+00:00 app[web.1]: Rendered layouts/_header.html.erb (1.8ms)
2011-12-07T03:22:08+00:00 app[web.1]: Rendered layouts/_footer.html.erb (0.3ms)
2011-12-07T03:22:08+00:00 app[web.1]: Completed 200 OK in 112ms (Views: 88.4ms | ActiveRecord: 23.3ms)
2011-12-07T03:22:08+00:00 app[web.1]: cache: [GET /admins/onramp?method=get] miss
2011-12-07T03:22:08+00:00 heroku[nginx]: 184.75.13.195 - - [06/Dec/2011:19:22:08 -0800] "GET /admins/onramp?method=get HTTP/1.1" 200 1039 "http://stormy-window-6506.heroku.com/" "Mozilla/5.0 (X11; Linux i686; rv:7.0.1) Gecko/20100101 Firefox/7.0.1" stormy-window-6506.heroku.com
2011-12-07T03:22:08+00:00 app[web.1]: 
2011-12-07T03:22:08+00:00 app[web.1]: 
2011-12-07T03:22:08+00:00 app[web.1]: Started GET "/assets/defaults.js" for 184.75.13.195 at 2011-12-06 19:22:08 -0800
2011-12-07T03:22:08+00:00 app[web.1]: 
2011-12-07T03:22:08+00:00 app[web.1]: ActionController::RoutingError (No route matches [GET] "/assets/defaults.js"):
2011-12-07T03:22:08+00:00 app[web.1]:   
2011-12-07T03:22:08+00:00 app[web.1]: 
2011-12-07T03:22:08+00:00 app[web.1]: 
2011-12-07T03:22:08+00:00 app[web.1]: cache: [GET /assets/defaults.js] miss
2011-12-07T03:22:08+00:00 heroku[router]: GET stormy-window-6506.heroku.com/assets/defaults.js dyno=web.1 queue=0 wait=0ms service=9ms status=404 bytes=728
2011-12-07T03:22:08+00:00 heroku[nginx]: 184.75.13.195 - - [06/Dec/2011:19:22:08 -0800] "GET /assets/defaults.js HTTP/1.1" 404 728 "http://stormy-window-6506.heroku.com/admins/onramp?method=get" "Mozilla/5.0 (X11; Linux i686; rv:7.0.1) Gecko/20100101 Firefox/7.0.1" stormy-window-6506.heroku.com
2011-12-07T03:55:48+00:00 heroku[slugc]: Slug compilation started
2011-12-07T03:56:33+00:00 heroku[api]: Deploy 0fa17e9 by georgek@gmail.com
2011-12-07T03:56:33+00:00 heroku[api]: Release v9 created by georgek@gmail.com
2011-12-07T03:56:33+00:00 heroku[web.1]: State changed from up to bouncing
2011-12-07T03:56:33+00:00 heroku[web.1]: State changed from bouncing to created
2011-12-07T03:56:33+00:00 heroku[web.1]: State changed from created to starting
2011-12-07T03:56:37+00:00 heroku[web.1]: Stopping process with SIGTERM
2011-12-07T03:56:37+00:00 app[web.1]: >> Stopping ...
2011-12-07T03:56:37+00:00 heroku[web.1]: Process exited
2011-12-07T03:56:37+00:00 heroku[web.1]: Starting process with command `thin -p 30016 -e production -R /home/heroku_rack/heroku.ru start`
2011-12-07T03:57:24+00:00 app[web.1]: 
2011-12-07T03:57:24+00:00 app[web.1]: 
2011-12-07T03:57:24+00:00 app[web.1]: Started GET "/admins/onramp?method=get" for 184.75.13.195 at 2011-12-06 19:57:24 -0800
2011-12-07T03:57:24+00:00 app[web.1]:   Processing by AdminsController#onramp as HTML
2011-12-07T03:57:24+00:00 app[web.1]:   Parameters: {"method"=>"get"}
2011-12-07T03:57:24+00:00 app[web.1]: Read fragment views/onramp_cache (0.1ms)
2011-12-07T03:57:26+00:00 app[web.1]: Write fragment views/onramp_cache (33.0ms)
2011-12-07T03:57:26+00:00 app[web.1]: Rendered admins/view_onramp.html.erb within layouts/application (1916.4ms)
2011-12-07T03:57:26+00:00 app[web.1]: Rendered layouts/_stylesheets.html.erb (20.1ms)
2011-12-07T03:57:26+00:00 app[web.1]: Rendered layouts/_header.html.erb (5.4ms)
2011-12-07T03:57:26+00:00 app[web.1]: Rendered layouts/_footer.html.erb (0.7ms)
2011-12-07T03:57:26+00:00 app[web.1]: Completed 200 OK in 2003ms (Views: 1953.4ms | ActiveRecord: 49.8ms)
2011-12-07T03:57:26+00:00 app[web.1]: cache: [GET /admins/onramp?method=get] miss
2011-12-07T03:57:26+00:00 heroku[router]: GET stormy-window-6506.heroku.com/admins/onramp dyno=web.1 queue=0 wait=0ms service=2060ms status=200 bytes=2931
2011-12-07T03:57:26+00:00 heroku[nginx]: 184.75.13.195 - - [06/Dec/2011:19:57:26 -0800] "GET /admins/onramp?method=get HTTP/1.1" 200 1055 "http://stormy-window-6506.heroku.com/" "Mozilla/5.0 (X11; Linux i686; rv:7.0.1) Gecko/20100101 Firefox/7.0.1" stormy-window-6506.heroku.com
2011-12-07T03:57:30+00:00 heroku[router]: GET stormy-window-6506.heroku.com/assets/custom-ac8b
ae260997e5d2441a366cbd90dd04.css dyno=web.1 queue=0 wait=0ms service=7ms status=200 bytes=2747
2011-12-07T03:57:30+00:00 heroku[nginx]: 184.75.13.195 - - [06/Dec/2011:19:57:30 -0800] "GET /assets/custom-ac8bae260997e5d2441a366cbd90dd04.css HTTP/1.1" 200 969 "http://stormy-window-6506.heroku.com/admins/onramp?method=get" "Mozilla/5.0 (X11; Linux i686; rv:7.0.1) Gecko/20100101 Firefox/7.0.1" stormy-window-6506.heroku.com
2011-12-07T03:57:30+00:00 heroku[router]: GET stormy-window-6506.heroku.com/assets/defaults.js dyno=web.1 queue=0 wait=0ms service=17ms status=404 bytes=728
2011-12-07T03:57:30+00:00 heroku[nginx]: 184.75.13.195 - - [06/Dec/2011:19:57:30 -0800] "GET /assets/defaults.js HTTP/1.1" 404 728 "http://stormy-window-6506.heroku.com/admins/onramp?method=get" "Mozilla/5.0 (X11; Linux i686; rv:7.0.1) Gecko/20100101 Firefox/7.0.1" stormy-window-6506.heroku.com
2011-12-07T03:57:30+00:00 app[web.1]: 
2011-12-07T03:57:30+00:00 app[web.1]: cache: [GET /assets/custom-ac8bae260997e5d2441a366cbd90dd04.css] miss, store
2011-12-07T03:57:36+00:00 app[web.1]: 
2011-12-07T03:57:36+00:00 app[web.1]: 
2011-12-07T03:57:36+00:00 app[web.1]: Started GET "/assets/logo-74144778c2ace4309d764d2c8fa9c422.png" for 184.75.13.195 at 2011-12-06 19:57:36 -0800
2011-12-07T03:57:36+00:00 app[web.1]: cache: [GET /assets/logo-74144778c2ace4309d764d2c8fa9c422.png] miss, store
2011-12-07T03:57:36+00:00 heroku[nginx]: 184.75.13.195 - - [06/Dec/2011:19:57:36 -0800] "GET /assets/logo-74144778c2ace4309d764d2c8fa9c422.png HTTP/1.1" 200 1522 "http://stormy-window-6506.heroku.com/admins/onramp?method=get" "Mozilla/5.0 (X11; Linux i686; rv:7.0.1) Gecko/20100101 Firefox/7.0.1" stormy-window-6506.heroku.com
2011-12-07T05:02:46+00:00 heroku[web.1]: Idling
2011-12-07T05:02:47+00:00 heroku[web.1]: State changed from down to created
2011-12-07T05:02:47+00:00 heroku[web.1]: State changed from created to starting
2011-12-07T05:02:49+00:00 heroku[web.1]: Stopping process with SIGTERM
2011-12-07T05:02:49+00:00 app[web.1]: >> Stopping ...
2011-12-07T05:02:49+00:00 heroku[web.1]: Process exited
2011-12-07T05:02:51+00:00 heroku[web.1]: Starting process with command `thin -p 34472 -e production -R /home/heroku_rack/heroku.ru start`
2011-12-07T05:02:57+00:00 app[web.1]: >> Thin web server (v1.2.6 codename Crazy Delicious)
2011-12-07T05:02:57+00:00 app[web.1]: >> Maximum connections set to 1024
2011-12-07T05:02:57+00:00 app[web.1]: >> Listening on 0.0.0.0:34472, CTRL+C to stop
2011-12-07T06:10:05+00:00 heroku[web.1]: Idling
2011-12-07T06:10:06+00:00 heroku[web.1]: State changed from up to down
2011-12-07T06:10:07+00:00 heroku[web.1]: Stopping process with SIGTERM
2011-12-07T06:10:07+00:00 heroku[web.1]: Process exited
2011-12-12T23:09:23+00:00 heroku[slugc]: Slug compilation started
2011-12-12T23:10:42+00:00 heroku[api]: Deploy f0089a3 by georgek@gmail.com
2011-12-12T23:10:42+00:00 heroku[api]: Release v11 created by georgek@gmail.com
2011-12-12T23:10:43+00:00 heroku[slugc]: Slug compilation finished
